<?xml version="1.0" encoding="UTF-8"?>
<!-- Generated by org.testng.reporters.JUnitReportReporter -->
<testsuite skipped="0" hostname="PC2017000016" name="NERL.Benf_To_Benf_Main" tests="1" failures="0" timestamp="05 Apr 2019 05:13:25 GMT" time="126.911" errors="0">
  <testcase name="Benf_To_Benf_Submitt" time="126.911" classname="NERL.Benf_To_Benf_Main"/>
</testsuite> <!-- NERL.Benf_To_Benf_Main -->
