<?xml version="1.0" encoding="UTF-8"?>
<!-- Generated by org.testng.reporters.JUnitReportReporter -->
<testsuite skipped="0" hostname="PC2017000016" name="NERL.EWR_With_Deposite" tests="1" failures="0" timestamp="01 Feb 2018 09:33:34 GMT" time="185.637" errors="0">
  <testcase name="EWR_WSPchecker_Reject" time="185.637" classname="NERL.EWR_With_Deposite"/>
</testsuite> <!-- NERL.EWR_With_Deposite -->
