<?xml version="1.0" encoding="UTF-8"?>
<!-- Generated by org.testng.reporters.JUnitReportReporter -->
<testsuite skipped="1" hostname="PC2017000016" name="withdrawal_pkg.Datadriven_ENWR_creation" tests="1" failures="0" timestamp="06 Jan 2018 07:21:42 GMT" time="0.000" errors="0">
  <testcase name="EWR_creation" time="0.000" classname="withdrawal_pkg.Datadriven_ENWR_creation">
    <skipped/>
  </testcase> <!-- EWR_creation -->
</testsuite> <!-- withdrawal_pkg.Datadriven_ENWR_creation -->
