<?xml version="1.0" encoding="UTF-8"?>
<!-- Generated by org.testng.reporters.JUnitReportReporter -->
<testsuite skipped="0" hostname="PC2017000016" name="NERL.EWR_With_Deposit_Main" tests="1" failures="0" timestamp="12 Feb 2018 11:52:21 GMT" time="138.187" errors="0">
  <testcase name="EWR_creation_Approval" time="138.187" classname="NERL.EWR_With_Deposit_Main"/>
</testsuite> <!-- NERL.EWR_With_Deposit_Main -->
