<?xml version="1.0" encoding="UTF-8"?>
<!-- Generated by org.testng.reporters.JUnitReportReporter -->
<testsuite skipped="0" hostname="PC2017000016" name="NERL.EWR_Deposit_AssayerChange" tests="1" failures="0" timestamp="28 Jan 2019 09:01:27 GMT" time="230.981" errors="0">
  <testcase name="EWR_creation_Approval" time="230.981" classname="NERL.EWR_Deposit_AssayerChange"/>
</testsuite> <!-- NERL.EWR_Deposit_AssayerChange -->
