<?xml version="1.0" encoding="UTF-8"?>
<!-- Generated by org.testng.reporters.JUnitReportReporter -->
<testsuite skipped="0" hostname="PC2017000016" name="withdrawal_pkg.Quantity_Deduction_Main" tests="1" failures="0" timestamp="16 Jul 2019 07:40:24 GMT" time="204.871" errors="0">
  <testcase name="Withdrawal_creation" time="204.871" classname="withdrawal_pkg.Quantity_Deduction_Main"/>
</testsuite> <!-- withdrawal_pkg.Quantity_Deduction_Main -->
