<?xml version="1.0" encoding="UTF-8"?>
<!-- Generated by org.testng.reporters.JUnitReportReporter -->
<testsuite skipped="0" hostname="PC2017000016" name="withdrawal_pkg.Pledgeeinvoke_apprval" tests="1" failures="0" timestamp="03 Jun 2019 04:56:25 GMT" time="74.832" errors="0">
  <testcase name="Pledgee_Invoke" time="74.832" classname="withdrawal_pkg.Pledgeeinvoke_apprval"/>
</testsuite> <!-- withdrawal_pkg.Pledgeeinvoke_apprval -->
