<?xml version="1.0" encoding="UTF-8"?>
<!-- Generated by org.testng.reporters.JUnitReportReporter -->
<testsuite skipped="0" hostname="PC2017000016" name="NERL.Datadriven_ENWR_creation" tests="1" failures="0" timestamp="12 Jan 2018 12:17:41 GMT" time="70.585" errors="0">
  <testcase name="EWR_creation" time="70.585" classname="NERL.Datadriven_ENWR_creation"/>
</testsuite> <!-- NERL.Datadriven_ENWR_creation -->
