<?xml version="1.0" encoding="UTF-8"?>
<!-- Generated by org.testng.reporters.JUnitReportReporter -->
<testsuite skipped="0" hostname="PC2017000016" name="NERL.TestFFonGrid" tests="1" failures="0" timestamp="30 Dec 2017 11:46:39 GMT" time="10.364" errors="0">
  <testcase name="test1" time="10.364" classname="NERL.TestFFonGrid"/>
</testsuite> <!-- NERL.TestFFonGrid -->
