<?xml version="1.0" encoding="UTF-8"?>
<!-- Generated by org.testng.reporters.JUnitReportReporter -->
<testsuite skipped="2" hostname="PC2017000016" name="NERL.Benf_To_Benf" tests="5" failures="0" timestamp="01 Feb 2018 08:24:10 GMT" time="0.736" errors="3">
  <testcase name="Benf_To_Benf_Submit" time="0.542" classname="NERL.Benf_To_Benf">
    <error type="org.testng.internal.reflect.MethodMatcherException" message="
Data provider mismatch
Method: Benf_To_Benf_Submit([Parameter{index=0, type=java.lang.String, declaredAnnotations=[]}, Parameter{index=1, type=java.lang.String, declaredAnnotations=[]}, Parameter{index=2, type=java.lang.String, declaredAnnotations=[]}, Parameter{index=3, type=java.lang.String, declaredAnnotations=[]}, Parameter{index=4, type=java.lang.String, declaredAnnotations=[]}, Parameter{index=5, type=java.lang.String, declaredAnnotations=[]}, Parameter{index=6, type=java.lang.String, declaredAnnotations=[]}, Parameter{index=7, type=java.lang.String, declaredAnnotations=[]}, Parameter{index=8, type=java.lang.String, declaredAnnotations=[]}, Parameter{index=9, type=java.lang.String, declaredAnnotations=[]}, Parameter{index=10, type=java.lang.String, declaredAnnotations=[]}, Parameter{index=11, type=java.lang.String, declaredAnnotations=[]}, Parameter{index=12, type=java.lang.String, declaredAnnotations=[]}, Parameter{index=13, type=java.lang.String, declaredAnnotations=[]}, Parameter{index=14, type=int, declaredAnnotations=[]}])
Arguments: [(java.lang.String) 1001601,(java.lang.String) UNDEHUSKED SPLIT (CRUDE),(java.lang.String) 2BNF00000000586,(java.lang.String) R64:GLOBE CAPITAL MARKET LIMITED,(java.lang.String) 2BNF00000000271,(java.lang.String) eNWR,(java.lang.String) 000781,(java.lang.String) MOHIT,(java.lang.String) test123,(java.lang.String) MANISHG,(java.lang.String) test123,(java.lang.String) VIKASP,(java.lang.String) test123,(java.lang.String) 500,(java.lang.String) EOT0000000007,(java.lang.Integer) 1]">
      <![CDATA[org.testng.internal.reflect.MethodMatcherException: 
Data provider mismatch
Method: Benf_To_Benf_Submit([Parameter{index=0, type=java.lang.String, declaredAnnotations=[]}, Parameter{index=1, type=java.lang.String, declaredAnnotations=[]}, Parameter{index=2, type=java.lang.String, declaredAnnotations=[]}, Parameter{index=3, type=java.lang.String, declaredAnnotations=[]}, Parameter{index=4, type=java.lang.String, declaredAnnotations=[]}, Parameter{index=5, type=java.lang.String, declaredAnnotations=[]}, Parameter{index=6, type=java.lang.String, declaredAnnotations=[]}, Parameter{index=7, type=java.lang.String, declaredAnnotations=[]}, Parameter{index=8, type=java.lang.String, declaredAnnotations=[]}, Parameter{index=9, type=java.lang.String, declaredAnnotations=[]}, Parameter{index=10, type=java.lang.String, declaredAnnotations=[]}, Parameter{index=11, type=java.lang.String, declaredAnnotations=[]}, Parameter{index=12, type=java.lang.String, declaredAnnotations=[]}, Parameter{index=13, type=java.lang.String, declaredAnnotations=[]}, Parameter{index=14, type=int, declaredAnnotations=[]}])
Arguments: [(java.lang.String) 1001601,(java.lang.String) UNDEHUSKED SPLIT (CRUDE),(java.lang.String) 2BNF00000000586,(java.lang.String) R64:GLOBE CAPITAL MARKET LIMITED,(java.lang.String) 2BNF00000000271,(java.lang.String) eNWR,(java.lang.String) 000781,(java.lang.String) MOHIT,(java.lang.String) test123,(java.lang.String) MANISHG,(java.lang.String) test123,(java.lang.String) VIKASP,(java.lang.String) test123,(java.lang.String) 500,(java.lang.String) EOT0000000007,(java.lang.Integer) 1]
	at org.testng.internal.reflect.DataProviderMethodMatcher.getConformingArguments(DataProviderMethodMatcher.java:45)
	at org.testng.internal.Invoker.injectParameters(Invoker.java:1301)
	at org.testng.internal.Invoker.invokeTestMethods(Invoker.java:1195)
	at org.testng.internal.TestMethodWorker.invokeTestMethods(TestMethodWorker.java:125)
	at org.testng.internal.TestMethodWorker.run(TestMethodWorker.java:109)
	at org.testng.TestRunner.privateRun(TestRunner.java:776)
	at org.testng.TestRunner.run(TestRunner.java:634)
	at org.testng.SuiteRunner.runTest(SuiteRunner.java:425)
	at org.testng.SuiteRunner.runSequentially(SuiteRunner.java:420)
	at org.testng.SuiteRunner.privateRun(SuiteRunner.java:385)
	at org.testng.SuiteRunner.run(SuiteRunner.java:334)
	at org.testng.SuiteRunnerWorker.runSuite(SuiteRunnerWorker.java:52)
	at org.testng.SuiteRunnerWorker.run(SuiteRunnerWorker.java:86)
	at org.testng.TestNG.runSuitesSequentially(TestNG.java:1318)
	at org.testng.TestNG.runSuitesLocally(TestNG.java:1243)
	at org.testng.TestNG.runSuites(TestNG.java:1161)
	at org.testng.TestNG.run(TestNG.java:1129)
	at org.testng.remote.AbstractRemoteTestNG.run(AbstractRemoteTestNG.java:114)
	at org.testng.remote.RemoteTestNG.initAndRun(RemoteTestNG.java:251)
	at org.testng.remote.RemoteTestNG.main(RemoteTestNG.java:77)
]]>
    </error>
  </testcase> <!-- Benf_To_Benf_Submit -->
  <testcase name="EOT_Approval_By_RpChecker_Sellerclient" time="0.000" classname="NERL.Benf_To_Benf">
    <skipped/>
  </testcase> <!-- EOT_Approval_By_RpChecker_Sellerclient -->
  <testcase name="EOT_Approval_By_RpChecker_Buyerclient" time="0.000" classname="NERL.Benf_To_Benf">
    <skipped/>
  </testcase> <!-- EOT_Approval_By_RpChecker_Buyerclient -->
  <testcase name="EOT_Discard_Maker" time="0.099" classname="NERL.Benf_To_Benf">
    <error type="org.testng.internal.reflect.MethodMatcherException" message="
Data provider mismatch
Method: EOT_Discard_Maker([Parameter{index=0, type=java.lang.String, declaredAnnotations=[]}, Parameter{index=1, type=java.lang.String, declaredAnnotations=[]}, Parameter{index=2, type=java.lang.String, declaredAnnotations=[]}, Parameter{index=3, type=java.lang.String, declaredAnnotations=[]}, Parameter{index=4, type=java.lang.String, declaredAnnotations=[]}, Parameter{index=5, type=java.lang.String, declaredAnnotations=[]}, Parameter{index=6, type=java.lang.String, declaredAnnotations=[]}, Parameter{index=7, type=java.lang.String, declaredAnnotations=[]}, Parameter{index=8, type=java.lang.String, declaredAnnotations=[]}, Parameter{index=9, type=java.lang.String, declaredAnnotations=[]}, Parameter{index=10, type=java.lang.String, declaredAnnotations=[]}, Parameter{index=11, type=java.lang.String, declaredAnnotations=[]}, Parameter{index=12, type=java.lang.String, declaredAnnotations=[]}, Parameter{index=13, type=java.lang.String, declaredAnnotations=[]}, Parameter{index=14, type=int, declaredAnnotations=[]}])
Arguments: [(java.lang.String) 1001601,(java.lang.String) UNDEHUSKED SPLIT (CRUDE),(java.lang.String) 2BNF00000000586,(java.lang.String) R64:GLOBE CAPITAL MARKET LIMITED,(java.lang.String) 2BNF00000000271,(java.lang.String) eNWR,(java.lang.String) 000781,(java.lang.String) MOHIT,(java.lang.String) test123,(java.lang.String) MANISHG,(java.lang.String) test123,(java.lang.String) VIKASP,(java.lang.String) test123,(java.lang.String) 500,(java.lang.String) EOT0000000007,(java.lang.Integer) 1]">
      <![CDATA[org.testng.internal.reflect.MethodMatcherException: 
Data provider mismatch
Method: EOT_Discard_Maker([Parameter{index=0, type=java.lang.String, declaredAnnotations=[]}, Parameter{index=1, type=java.lang.String, declaredAnnotations=[]}, Parameter{index=2, type=java.lang.String, declaredAnnotations=[]}, Parameter{index=3, type=java.lang.String, declaredAnnotations=[]}, Parameter{index=4, type=java.lang.String, declaredAnnotations=[]}, Parameter{index=5, type=java.lang.String, declaredAnnotations=[]}, Parameter{index=6, type=java.lang.String, declaredAnnotations=[]}, Parameter{index=7, type=java.lang.String, declaredAnnotations=[]}, Parameter{index=8, type=java.lang.String, declaredAnnotations=[]}, Parameter{index=9, type=java.lang.String, declaredAnnotations=[]}, Parameter{index=10, type=java.lang.String, declaredAnnotations=[]}, Parameter{index=11, type=java.lang.String, declaredAnnotations=[]}, Parameter{index=12, type=java.lang.String, declaredAnnotations=[]}, Parameter{index=13, type=java.lang.String, declaredAnnotations=[]}, Parameter{index=14, type=int, declaredAnnotations=[]}])
Arguments: [(java.lang.String) 1001601,(java.lang.String) UNDEHUSKED SPLIT (CRUDE),(java.lang.String) 2BNF00000000586,(java.lang.String) R64:GLOBE CAPITAL MARKET LIMITED,(java.lang.String) 2BNF00000000271,(java.lang.String) eNWR,(java.lang.String) 000781,(java.lang.String) MOHIT,(java.lang.String) test123,(java.lang.String) MANISHG,(java.lang.String) test123,(java.lang.String) VIKASP,(java.lang.String) test123,(java.lang.String) 500,(java.lang.String) EOT0000000007,(java.lang.Integer) 1]
	at org.testng.internal.reflect.DataProviderMethodMatcher.getConformingArguments(DataProviderMethodMatcher.java:45)
	at org.testng.internal.Invoker.injectParameters(Invoker.java:1301)
	at org.testng.internal.Invoker.invokeTestMethods(Invoker.java:1195)
	at org.testng.internal.TestMethodWorker.invokeTestMethods(TestMethodWorker.java:125)
	at org.testng.internal.TestMethodWorker.run(TestMethodWorker.java:109)
	at org.testng.TestRunner.privateRun(TestRunner.java:776)
	at org.testng.TestRunner.run(TestRunner.java:634)
	at org.testng.SuiteRunner.runTest(SuiteRunner.java:425)
	at org.testng.SuiteRunner.runSequentially(SuiteRunner.java:420)
	at org.testng.SuiteRunner.privateRun(SuiteRunner.java:385)
	at org.testng.SuiteRunner.run(SuiteRunner.java:334)
	at org.testng.SuiteRunnerWorker.runSuite(SuiteRunnerWorker.java:52)
	at org.testng.SuiteRunnerWorker.run(SuiteRunnerWorker.java:86)
	at org.testng.TestNG.runSuitesSequentially(TestNG.java:1318)
	at org.testng.TestNG.runSuitesLocally(TestNG.java:1243)
	at org.testng.TestNG.runSuites(TestNG.java:1161)
	at org.testng.TestNG.run(TestNG.java:1129)
	at org.testng.remote.AbstractRemoteTestNG.run(AbstractRemoteTestNG.java:114)
	at org.testng.remote.RemoteTestNG.initAndRun(RemoteTestNG.java:251)
	at org.testng.remote.RemoteTestNG.main(RemoteTestNG.java:77)
]]>
    </error>
  </testcase> <!-- EOT_Discard_Maker -->
  <testcase name="EOT_Discard_Reject" time="0.095" classname="NERL.Benf_To_Benf">
    <error type="org.testng.internal.reflect.MethodMatcherException" message="
Data provider mismatch
Method: EOT_Discard_Reject([Parameter{index=0, type=java.lang.String, declaredAnnotations=[]}, Parameter{index=1, type=java.lang.String, declaredAnnotations=[]}, Parameter{index=2, type=java.lang.String, declaredAnnotations=[]}, Parameter{index=3, type=java.lang.String, declaredAnnotations=[]}, Parameter{index=4, type=java.lang.String, declaredAnnotations=[]}, Parameter{index=5, type=java.lang.String, declaredAnnotations=[]}, Parameter{index=6, type=java.lang.String, declaredAnnotations=[]}, Parameter{index=7, type=java.lang.String, declaredAnnotations=[]}, Parameter{index=8, type=java.lang.String, declaredAnnotations=[]}, Parameter{index=9, type=java.lang.String, declaredAnnotations=[]}, Parameter{index=10, type=java.lang.String, declaredAnnotations=[]}, Parameter{index=11, type=java.lang.String, declaredAnnotations=[]}, Parameter{index=12, type=java.lang.String, declaredAnnotations=[]}, Parameter{index=13, type=java.lang.String, declaredAnnotations=[]}, Parameter{index=14, type=int, declaredAnnotations=[]}])
Arguments: [(java.lang.String) 1001601,(java.lang.String) UNDEHUSKED SPLIT (CRUDE),(java.lang.String) 2BNF00000000586,(java.lang.String) R64:GLOBE CAPITAL MARKET LIMITED,(java.lang.String) 2BNF00000000271,(java.lang.String) eNWR,(java.lang.String) 000781,(java.lang.String) MOHIT,(java.lang.String) test123,(java.lang.String) MANISHG,(java.lang.String) test123,(java.lang.String) VIKASP,(java.lang.String) test123,(java.lang.String) 500,(java.lang.String) EOT0000000007,(java.lang.Integer) 1]">
      <![CDATA[org.testng.internal.reflect.MethodMatcherException: 
Data provider mismatch
Method: EOT_Discard_Reject([Parameter{index=0, type=java.lang.String, declaredAnnotations=[]}, Parameter{index=1, type=java.lang.String, declaredAnnotations=[]}, Parameter{index=2, type=java.lang.String, declaredAnnotations=[]}, Parameter{index=3, type=java.lang.String, declaredAnnotations=[]}, Parameter{index=4, type=java.lang.String, declaredAnnotations=[]}, Parameter{index=5, type=java.lang.String, declaredAnnotations=[]}, Parameter{index=6, type=java.lang.String, declaredAnnotations=[]}, Parameter{index=7, type=java.lang.String, declaredAnnotations=[]}, Parameter{index=8, type=java.lang.String, declaredAnnotations=[]}, Parameter{index=9, type=java.lang.String, declaredAnnotations=[]}, Parameter{index=10, type=java.lang.String, declaredAnnotations=[]}, Parameter{index=11, type=java.lang.String, declaredAnnotations=[]}, Parameter{index=12, type=java.lang.String, declaredAnnotations=[]}, Parameter{index=13, type=java.lang.String, declaredAnnotations=[]}, Parameter{index=14, type=int, declaredAnnotations=[]}])
Arguments: [(java.lang.String) 1001601,(java.lang.String) UNDEHUSKED SPLIT (CRUDE),(java.lang.String) 2BNF00000000586,(java.lang.String) R64:GLOBE CAPITAL MARKET LIMITED,(java.lang.String) 2BNF00000000271,(java.lang.String) eNWR,(java.lang.String) 000781,(java.lang.String) MOHIT,(java.lang.String) test123,(java.lang.String) MANISHG,(java.lang.String) test123,(java.lang.String) VIKASP,(java.lang.String) test123,(java.lang.String) 500,(java.lang.String) EOT0000000007,(java.lang.Integer) 1]
	at org.testng.internal.reflect.DataProviderMethodMatcher.getConformingArguments(DataProviderMethodMatcher.java:45)
	at org.testng.internal.Invoker.injectParameters(Invoker.java:1301)
	at org.testng.internal.Invoker.invokeTestMethods(Invoker.java:1195)
	at org.testng.internal.TestMethodWorker.invokeTestMethods(TestMethodWorker.java:125)
	at org.testng.internal.TestMethodWorker.run(TestMethodWorker.java:109)
	at org.testng.TestRunner.privateRun(TestRunner.java:776)
	at org.testng.TestRunner.run(TestRunner.java:634)
	at org.testng.SuiteRunner.runTest(SuiteRunner.java:425)
	at org.testng.SuiteRunner.runSequentially(SuiteRunner.java:420)
	at org.testng.SuiteRunner.privateRun(SuiteRunner.java:385)
	at org.testng.SuiteRunner.run(SuiteRunner.java:334)
	at org.testng.SuiteRunnerWorker.runSuite(SuiteRunnerWorker.java:52)
	at org.testng.SuiteRunnerWorker.run(SuiteRunnerWorker.java:86)
	at org.testng.TestNG.runSuitesSequentially(TestNG.java:1318)
	at org.testng.TestNG.runSuitesLocally(TestNG.java:1243)
	at org.testng.TestNG.runSuites(TestNG.java:1161)
	at org.testng.TestNG.run(TestNG.java:1129)
	at org.testng.remote.AbstractRemoteTestNG.run(AbstractRemoteTestNG.java:114)
	at org.testng.remote.RemoteTestNG.initAndRun(RemoteTestNG.java:251)
	at org.testng.remote.RemoteTestNG.main(RemoteTestNG.java:77)
]]>
    </error>
  </testcase> <!-- EOT_Discard_Reject -->
</testsuite> <!-- NERL.Benf_To_Benf -->
