<?xml version="1.0" encoding="UTF-8"?>
<!-- Generated by org.testng.reporters.JUnitReportReporter -->
<testsuite skipped="0" hostname="PC2017000016" name="NERL.PledgeeInitiation" tests="9" failures="0" timestamp="19 Jan 2018 09:14:34 GMT" time="283.330" errors="2">
  <testcase name="Pledgee_Initiation_Submit" time="65.873" classname="NERL.PledgeeInitiation"/>
  <testcase name="PI_Approve_RPchecker" time="26.904" classname="NERL.PledgeeInitiation"/>
  <testcase name="PI_Approve_WSP" time="28.223" classname="NERL.PledgeeInitiation"/>
  <testcase name="PI_Approve_PledgeeM" time="34.808" classname="NERL.PledgeeInitiation"/>
  <testcase name="PI_Approve_Pledgee_Checker1" time="27.106" classname="NERL.PledgeeInitiation"/>
  <testcase name="PI_Approve_Pledgee_Verifier" time="28.084" classname="NERL.PledgeeInitiation"/>
  <testcase name="EPG__Discard_RPmaker" time="72.246" classname="NERL.PledgeeInitiation"/>
  <testcase name="EPG_Discard_RPchecker" time="0.047" classname="NERL.PledgeeInitiation">
    <error type="org.testng.internal.reflect.MethodMatcherException" message="
Data provider mismatch
Method: EPG_Discard_RPchecker([Parameter{index=0, type=java.lang.String, declaredAnnotations=[]}, Parameter{index=1, type=java.lang.String, declaredAnnotations=[]}, Parameter{index=2, type=java.lang.String, declaredAnnotations=[]}, Parameter{index=3, type=java.lang.String, declaredAnnotations=[]}, Parameter{index=4, type=java.lang.String, declaredAnnotations=[]}, Parameter{index=5, type=java.lang.String, declaredAnnotations=[]}, Parameter{index=6, type=java.lang.String, declaredAnnotations=[]}, Parameter{index=7, type=java.lang.String, declaredAnnotations=[]}, Parameter{index=8, type=java.lang.String, declaredAnnotations=[]}, Parameter{index=9, type=java.lang.String, declaredAnnotations=[]}, Parameter{index=10, type=java.lang.String, declaredAnnotations=[]}, Parameter{index=11, type=java.lang.String, declaredAnnotations=[]}, Parameter{index=12, type=java.lang.String, declaredAnnotations=[]}, Parameter{index=13, type=java.lang.String, declaredAnnotations=[]}, Parameter{index=14, type=java.lang.String, declaredAnnotations=[]}, Parameter{index=15, type=java.lang.String, declaredAnnotations=[]}, Parameter{index=16, type=java.lang.String, declaredAnnotations=[]}, Parameter{index=17, type=java.lang.String, declaredAnnotations=[]}, Parameter{index=18, type=java.lang.String, declaredAnnotations=[]}, Parameter{index=19, type=java.lang.String, declaredAnnotations=[]}, Parameter{index=20, type=java.lang.String, declaredAnnotations=[]}, Parameter{index=21, type=int, declaredAnnotations=[]}, Parameter{index=22, type=org.openqa.selenium.WebDriver, declaredAnnotations=[]}])
Arguments: [(java.lang.String) 9009003,(java.lang.String) 2929,(java.lang.String) BENF0000010022,(java.lang.String) P10281,(java.lang.String) HOP10281,(java.lang.String) 222,(java.lang.String) 007927,(java.lang.String) 400,(java.lang.String) RP1001,(java.lang.String) mumbai123,(java.lang.String) RP1002,(java.lang.String) mumbai123,(java.lang.String) WSP2001,(java.lang.String) mumbai123,(java.lang.String) PLEDGEE1002,(java.lang.String) mumbai123,(java.lang.String) PLEDGEE1003,(java.lang.String) mumbai123,(java.lang.String) PLEDGEE1004,(java.lang.String) mumbai123,(java.lang.String) 5000,(java.lang.Integer) 1]">
      <![CDATA[org.testng.internal.reflect.MethodMatcherException: 
Data provider mismatch
Method: EPG_Discard_RPchecker([Parameter{index=0, type=java.lang.String, declaredAnnotations=[]}, Parameter{index=1, type=java.lang.String, declaredAnnotations=[]}, Parameter{index=2, type=java.lang.String, declaredAnnotations=[]}, Parameter{index=3, type=java.lang.String, declaredAnnotations=[]}, Parameter{index=4, type=java.lang.String, declaredAnnotations=[]}, Parameter{index=5, type=java.lang.String, declaredAnnotations=[]}, Parameter{index=6, type=java.lang.String, declaredAnnotations=[]}, Parameter{index=7, type=java.lang.String, declaredAnnotations=[]}, Parameter{index=8, type=java.lang.String, declaredAnnotations=[]}, Parameter{index=9, type=java.lang.String, declaredAnnotations=[]}, Parameter{index=10, type=java.lang.String, declaredAnnotations=[]}, Parameter{index=11, type=java.lang.String, declaredAnnotations=[]}, Parameter{index=12, type=java.lang.String, declaredAnnotations=[]}, Parameter{index=13, type=java.lang.String, declaredAnnotations=[]}, Parameter{index=14, type=java.lang.String, declaredAnnotations=[]}, Parameter{index=15, type=java.lang.String, declaredAnnotations=[]}, Parameter{index=16, type=java.lang.String, declaredAnnotations=[]}, Parameter{index=17, type=java.lang.String, declaredAnnotations=[]}, Parameter{index=18, type=java.lang.String, declaredAnnotations=[]}, Parameter{index=19, type=java.lang.String, declaredAnnotations=[]}, Parameter{index=20, type=java.lang.String, declaredAnnotations=[]}, Parameter{index=21, type=int, declaredAnnotations=[]}, Parameter{index=22, type=org.openqa.selenium.WebDriver, declaredAnnotations=[]}])
Arguments: [(java.lang.String) 9009003,(java.lang.String) 2929,(java.lang.String) BENF0000010022,(java.lang.String) P10281,(java.lang.String) HOP10281,(java.lang.String) 222,(java.lang.String) 007927,(java.lang.String) 400,(java.lang.String) RP1001,(java.lang.String) mumbai123,(java.lang.String) RP1002,(java.lang.String) mumbai123,(java.lang.String) WSP2001,(java.lang.String) mumbai123,(java.lang.String) PLEDGEE1002,(java.lang.String) mumbai123,(java.lang.String) PLEDGEE1003,(java.lang.String) mumbai123,(java.lang.String) PLEDGEE1004,(java.lang.String) mumbai123,(java.lang.String) 5000,(java.lang.Integer) 1]
	at org.testng.internal.reflect.DataProviderMethodMatcher.getConformingArguments(DataProviderMethodMatcher.java:45)
	at org.testng.internal.Invoker.injectParameters(Invoker.java:1301)
	at org.testng.internal.Invoker.invokeTestMethods(Invoker.java:1195)
	at org.testng.internal.TestMethodWorker.invokeTestMethods(TestMethodWorker.java:125)
	at org.testng.internal.TestMethodWorker.run(TestMethodWorker.java:109)
	at org.testng.TestRunner.privateRun(TestRunner.java:776)
	at org.testng.TestRunner.run(TestRunner.java:634)
	at org.testng.SuiteRunner.runTest(SuiteRunner.java:425)
	at org.testng.SuiteRunner.runSequentially(SuiteRunner.java:420)
	at org.testng.SuiteRunner.privateRun(SuiteRunner.java:385)
	at org.testng.SuiteRunner.run(SuiteRunner.java:334)
	at org.testng.SuiteRunnerWorker.runSuite(SuiteRunnerWorker.java:52)
	at org.testng.SuiteRunnerWorker.run(SuiteRunnerWorker.java:86)
	at org.testng.TestNG.runSuitesSequentially(TestNG.java:1318)
	at org.testng.TestNG.runSuitesLocally(TestNG.java:1243)
	at org.testng.TestNG.runSuites(TestNG.java:1161)
	at org.testng.TestNG.run(TestNG.java:1129)
	at org.testng.remote.AbstractRemoteTestNG.run(AbstractRemoteTestNG.java:114)
	at org.testng.remote.RemoteTestNG.initAndRun(RemoteTestNG.java:251)
	at org.testng.remote.RemoteTestNG.main(RemoteTestNG.java:77)
]]>
    </error>
  </testcase> <!-- EPG_Discard_RPchecker -->
  <testcase name="EPG_Reject_RPchecker" time="0.039" classname="NERL.PledgeeInitiation">
    <error type="org.testng.internal.reflect.MethodMatcherException" message="
Data provider mismatch
Method: EPG_Reject_RPchecker([Parameter{index=0, type=java.lang.String, declaredAnnotations=[]}, Parameter{index=1, type=java.lang.String, declaredAnnotations=[]}, Parameter{index=2, type=java.lang.String, declaredAnnotations=[]}, Parameter{index=3, type=java.lang.String, declaredAnnotations=[]}, Parameter{index=4, type=java.lang.String, declaredAnnotations=[]}, Parameter{index=5, type=java.lang.String, declaredAnnotations=[]}, Parameter{index=6, type=java.lang.String, declaredAnnotations=[]}, Parameter{index=7, type=java.lang.String, declaredAnnotations=[]}, Parameter{index=8, type=java.lang.String, declaredAnnotations=[]}, Parameter{index=9, type=java.lang.String, declaredAnnotations=[]}, Parameter{index=10, type=java.lang.String, declaredAnnotations=[]}, Parameter{index=11, type=java.lang.String, declaredAnnotations=[]}, Parameter{index=12, type=java.lang.String, declaredAnnotations=[]}, Parameter{index=13, type=java.lang.String, declaredAnnotations=[]}, Parameter{index=14, type=java.lang.String, declaredAnnotations=[]}, Parameter{index=15, type=java.lang.String, declaredAnnotations=[]}, Parameter{index=16, type=java.lang.String, declaredAnnotations=[]}, Parameter{index=17, type=java.lang.String, declaredAnnotations=[]}, Parameter{index=18, type=java.lang.String, declaredAnnotations=[]}, Parameter{index=19, type=java.lang.String, declaredAnnotations=[]}, Parameter{index=20, type=java.lang.String, declaredAnnotations=[]}, Parameter{index=21, type=int, declaredAnnotations=[]}, Parameter{index=22, type=org.openqa.selenium.WebDriver, declaredAnnotations=[]}])
Arguments: [(java.lang.String) 9009003,(java.lang.String) 2929,(java.lang.String) BENF0000010022,(java.lang.String) P10281,(java.lang.String) HOP10281,(java.lang.String) 222,(java.lang.String) 007927,(java.lang.String) 400,(java.lang.String) RP1001,(java.lang.String) mumbai123,(java.lang.String) RP1002,(java.lang.String) mumbai123,(java.lang.String) WSP2001,(java.lang.String) mumbai123,(java.lang.String) PLEDGEE1002,(java.lang.String) mumbai123,(java.lang.String) PLEDGEE1003,(java.lang.String) mumbai123,(java.lang.String) PLEDGEE1004,(java.lang.String) mumbai123,(java.lang.String) 5000,(java.lang.Integer) 1]">
      <![CDATA[org.testng.internal.reflect.MethodMatcherException: 
Data provider mismatch
Method: EPG_Reject_RPchecker([Parameter{index=0, type=java.lang.String, declaredAnnotations=[]}, Parameter{index=1, type=java.lang.String, declaredAnnotations=[]}, Parameter{index=2, type=java.lang.String, declaredAnnotations=[]}, Parameter{index=3, type=java.lang.String, declaredAnnotations=[]}, Parameter{index=4, type=java.lang.String, declaredAnnotations=[]}, Parameter{index=5, type=java.lang.String, declaredAnnotations=[]}, Parameter{index=6, type=java.lang.String, declaredAnnotations=[]}, Parameter{index=7, type=java.lang.String, declaredAnnotations=[]}, Parameter{index=8, type=java.lang.String, declaredAnnotations=[]}, Parameter{index=9, type=java.lang.String, declaredAnnotations=[]}, Parameter{index=10, type=java.lang.String, declaredAnnotations=[]}, Parameter{index=11, type=java.lang.String, declaredAnnotations=[]}, Parameter{index=12, type=java.lang.String, declaredAnnotations=[]}, Parameter{index=13, type=java.lang.String, declaredAnnotations=[]}, Parameter{index=14, type=java.lang.String, declaredAnnotations=[]}, Parameter{index=15, type=java.lang.String, declaredAnnotations=[]}, Parameter{index=16, type=java.lang.String, declaredAnnotations=[]}, Parameter{index=17, type=java.lang.String, declaredAnnotations=[]}, Parameter{index=18, type=java.lang.String, declaredAnnotations=[]}, Parameter{index=19, type=java.lang.String, declaredAnnotations=[]}, Parameter{index=20, type=java.lang.String, declaredAnnotations=[]}, Parameter{index=21, type=int, declaredAnnotations=[]}, Parameter{index=22, type=org.openqa.selenium.WebDriver, declaredAnnotations=[]}])
Arguments: [(java.lang.String) 9009003,(java.lang.String) 2929,(java.lang.String) BENF0000010022,(java.lang.String) P10281,(java.lang.String) HOP10281,(java.lang.String) 222,(java.lang.String) 007927,(java.lang.String) 400,(java.lang.String) RP1001,(java.lang.String) mumbai123,(java.lang.String) RP1002,(java.lang.String) mumbai123,(java.lang.String) WSP2001,(java.lang.String) mumbai123,(java.lang.String) PLEDGEE1002,(java.lang.String) mumbai123,(java.lang.String) PLEDGEE1003,(java.lang.String) mumbai123,(java.lang.String) PLEDGEE1004,(java.lang.String) mumbai123,(java.lang.String) 5000,(java.lang.Integer) 1]
	at org.testng.internal.reflect.DataProviderMethodMatcher.getConformingArguments(DataProviderMethodMatcher.java:45)
	at org.testng.internal.Invoker.injectParameters(Invoker.java:1301)
	at org.testng.internal.Invoker.invokeTestMethods(Invoker.java:1195)
	at org.testng.internal.TestMethodWorker.invokeTestMethods(TestMethodWorker.java:125)
	at org.testng.internal.TestMethodWorker.run(TestMethodWorker.java:109)
	at org.testng.TestRunner.privateRun(TestRunner.java:776)
	at org.testng.TestRunner.run(TestRunner.java:634)
	at org.testng.SuiteRunner.runTest(SuiteRunner.java:425)
	at org.testng.SuiteRunner.runSequentially(SuiteRunner.java:420)
	at org.testng.SuiteRunner.privateRun(SuiteRunner.java:385)
	at org.testng.SuiteRunner.run(SuiteRunner.java:334)
	at org.testng.SuiteRunnerWorker.runSuite(SuiteRunnerWorker.java:52)
	at org.testng.SuiteRunnerWorker.run(SuiteRunnerWorker.java:86)
	at org.testng.TestNG.runSuitesSequentially(TestNG.java:1318)
	at org.testng.TestNG.runSuitesLocally(TestNG.java:1243)
	at org.testng.TestNG.runSuites(TestNG.java:1161)
	at org.testng.TestNG.run(TestNG.java:1129)
	at org.testng.remote.AbstractRemoteTestNG.run(AbstractRemoteTestNG.java:114)
	at org.testng.remote.RemoteTestNG.initAndRun(RemoteTestNG.java:251)
	at org.testng.remote.RemoteTestNG.main(RemoteTestNG.java:77)
]]>
    </error>
  </testcase> <!-- EPG_Reject_RPchecker -->
</testsuite> <!-- NERL.PledgeeInitiation -->
