<?xml version="1.0" encoding="UTF-8"?>
<!-- Generated by org.testng.reporters.JUnitReportReporter -->
<testsuite skipped="1" hostname="PC2017000016" name="withdrawal_pkg.Demo" tests="1" failures="0" timestamp="25 Jan 2018 05:23:10 GMT" time="0.000" errors="0">
  <testcase name="Pledgee_creation1" time="0.000" classname="withdrawal_pkg.Demo">
    <skipped/>
  </testcase> <!-- Pledgee_creation1 -->
</testsuite> <!-- withdrawal_pkg.Demo -->
