<?xml version="1.0" encoding="UTF-8"?>
<!-- Generated by org.testng.reporters.JUnitReportReporter -->
<testsuite skipped="0" hostname="PC2017000016" name="withdrawal_pkg.PledgeeRedemption_main" tests="1" failures="0" timestamp="03 Jun 2019 06:08:03 GMT" time="76.740" errors="0">
  <testcase name="Pledgee_creation1" time="76.740" classname="withdrawal_pkg.PledgeeRedemption_main"/>
</testsuite> <!-- withdrawal_pkg.PledgeeRedemption_main -->
